Unity Player [version: Unity 5.4.1f1_649f48bbbf0f]

magic.exe caused an Access Violation (0xc0000005)
  in module magic.exe at 0023:007ee436.

Error occurred at 2017-01-06_002140.
C:\Users\felip_000\OneDrive\Documentos\Unity Projects\MagicProject\Magic Project\Development Builds\Standalone\Win84_0.0.3\magic.exe, run by felip_000.
27% memory in use.
0 MB physical memory [0 MB free].
0 MB paging file [0 MB free].
0 MB user address space [3652 MB free].
Read from location 000005dc caused an access violation.

Context:
EDI:    0x00000000  ESI: 0x010bb648  EAX:   0x018fdb68
EBX:    0x00000000  ECX: 0x00000000  EDX:   0x00000002
EIP:    0x007ee436  EBP: 0x018fdb54  SegCs: 0x00000023
EFlags: 0x00210287  ESP: 0x018fdb50  SegSs: 0x0000002b

Bytes at CS:EIP:
83 bf dc 05 00 00 00 75 07 32 c0 5f 5d c2 04 00 

Stack:
0x018fdb50: 052212a0 018fdb8c 007cc762 018fdb68 ..".....b.|.h...
0x018fdb60: 00000003 052212a0 666e6f63 00006769 ......".config..
0x018fdb70: 4eb85887 010bb528 00000006 0000000f .X.N(...........
0x018fdb80: 00000000 00000025 0000002c 018fdb94 ....%...,.......
0x018fdb90: 007cb717 018fdbac 007cb7b6 00000002 ..|.......|.....
0x018fdba0: 007cdafd 00000000 01268310 018fdbc8 ..|.......&.....
0x018fdbb0: 007cdb4f 00000003 42c3cefe 42c3cefe O.|........B...B
0x018fdbc0: 00000000 00000000 018fdbfc 007ca5b5 ..............|.
0x018fdbd0: 052212a0 00000003 42c3cefe 42c3cefe .."........B...B
0x018fdbe0: 00000000 00000000 010bb528 05221248 ........(...H.".
0x018fdbf0: 00000000 01268310 00000000 018fdc64 ......&.....d...
0x018fdc00: 007cb3d7 00000003 42c3cefe 42c3cefe ..|........B...B
0x018fdc10: 00000000 00000000 00000000 01268614 ..............&.
0x018fdc20: 01268614 03a1b680 00000001 342d15f5 ..&...........-4
0x018fdc30: 04bb15d0 00000021 0000002f 00000000 ....!.../.......
0x018fdc40: 039f0c00 04c05630 018fdc6c 00615c43 ....0V..l...C\a.
0x018fdc50: 00000000 0000000f 00000000 00000042 ............B...
0x018fdc60: 00000000 018fdc70 007cb3f7 00000003 ....p.....|.....
0x018fdc70: 018fdc8c 00322e61 05221248 00000000 ....a.2.H.".....
0x018fdc80: 00000000 04bb15d0 00000000 018fdcac ................
0x018fdc90: 0033d83f 00000000 00000006 00000000 ?.3.............
0x018fdca0: fffffffe 018fdcdc 00000086 018fdcdc ................
0x018fdcb0: 0042ce94 00000000 00000001 00000000 ..B.............
0x018fdcc0: 00000001 0042cc90 00000000 0000001c ......B.........
0x018fdcd0: 00000001 00000b50 00000000 018fdd08 ....P...........
0x018fdce0: 764ad2b3 00150aae 00000006 00000001 ..Jv............
0x018fdcf0: 00000000 00000001 dcbaabcd 0042cc90 ..............B.
0x018fdd00: 00000000 00000001 018fddf0 7648e88a ..............Hv
0x018fdd10: 0042cc90 00150aae 00000006 00000001 ..B.............
0x018fdd20: 00000000 64029fc3 00000000 00000000 .......d........
0x018fdd30: 00000006 00000080 00000040 00000000 ........@.......
0x018fdd40: 770afdfa 1173abc0 1173abc4 00000000 ...w..s...s.....
0x018fdd50: 00000000 00000024 00000001 00000000 ....$...........
0x018fdd60: 00000000 00000070 ffffffff ffffffff ....p...........
0x018fdd70: 00000024 00000001 00000000 00000000 $...............
0x018fdd80: 00000030 ffffffff ffffffff 7648e71c 0.............Hv
0x018fdd90: 00000000 00000000 00000000 00000000 ................
0x018fdda0: 00000000 00000000 0042cc90 00000000 ..........B.....
0x018fddb0: 020609f8 00000000 80000011 00000000 ................
0x018fddc0: 00000000 80000011 00000000 00000001 ................
0x018fddd0: 00150aae 64029fc3 7648e4c0 018fd580 .......d..Hv....
0x018fdde0: 018fde40 764b15b0 13df0db3 00000000 @.....Kv........
0x018fddf0: 018fde50 7648e4c0 0042cc90 00000000 P.....Hv..B.....
0x018fde00: 00000006 00000001 00000000 016e0000 ..............n.
0x018fde10: 00000001 64029c63 018fdfb4 773224b0 ....c..d.....$2w
0x018fde20: 00000000 018fde88 764b15b0 00000000 ..........Kv....
0x018fde30: 00150aae 00000000 018fde14 018fd580 ................
0x018fde40: 018fdea0 764b15b0 13df0d53 fffffffe ......KvS.......
0x018fde50: 018fde90 76498b09 022aeec0 00000000 ......Iv..*.....
0x018fde60: 00000006 00000001 00000000 0042cc90 ..............B.
0x018fde70: 00000400 00000001 00000000 00000000 ................
0x018fde80: 018fde94 00000000 00000000 64029ca3 ...............d
0x018fde90: 018fdefc 773108c6 018fdeac 00000020 ......1w.... ...
0x018fdea0: 018fdf7c 77310810 018fded0 022aeec0 |.....1w......*.
0x018fdeb0: 00000000 00000006 00000001 00000000 ................
0x018fdec0: 0042cc90 773224b0 00000000 7695249c ..B..$2w.....$.v
0x018fded0: 76496ad7 018fdfb4 000902ec 00000400 .jIv............
0x018fdee0: 00007fff 00000003 018fe258 016e0000 ........X.....n.
0x018fdef0: 018fe258 1173c1b8 1173a950 018fdf34 X.....s.P.s.4...
0x018fdf00: 76496a6d 00000400 00007fff 00000003 mjIv............
0x018fdf10: 00000000 018fe258 018fdfb4 018fe258 ....X.......X...
0x018fdf20: 00007a95 0bea0708 016e2f60 016e0000 .z......`/n...n.
0x018fdf30: 018fe038 018fdf8c 7712aae6 018fdfb4 8..........w....
0x018fdf40: 000902ec 00000400 00007fff 00000003 ................
0x018fdf50: 5c6d54bb 018fe258 00000000 00000002 .Tm\X...........
0x018fdf60: 01be7630 0bea06b8 00000000 018fe258 0v..........X...
0x018fdf70: 00000000 018fdf50 00000178 018fe870 ....P...x...p...
0x018fdf80: 77190330 2ac78c57 00000000 018fdfd0 0..wW..*........
0x018fdf90: 7712ad8f 018fdfb4 000902ec 00000400 ...w............
0x018fdfa0: 00007fff 00000003 37d04760 018fe258 ........`G.7X...
0x018fdfb0: 7602d820 393eb6c3 769524ac 764985f6  ..v..>9.$.v..Iv
0x018fdfc0: 00005dff 76498600 64029dff 00000440 .]....Iv...d@...
0x018fdfd0: 018fdff4 7712b2a5 1158ef10 0e567698 .......w..X..vV.
0x018fdfe0: 018fe258 0e567698 37d04760 ffffffff X....vV.`G.7....
0x018fdff0: 5c6d54c3 018fe0b4 77117301 018fe040 .Tm\.....s.w@...
0x018fe000: 00000002 018fe038 1158ef10 01beeb30 ....8.....X.0...
0x018fe010: 0e5d20c8 00001dfc 000007ff 1158ef10 . ]...........X.
0x018fe020: 00000002 114937e4 00000000 018fe384 .....7I.........
0x018fe030: 00000000 0e567698 ffffffff 018fe258 .....vV.....X...
0x018fe040: 00000868 0000086c 114a3790 00000000 h...l....7J.....
0x018fe050: 00000000 00000000 00000000 018fe000 ................
0x018fe060: 00000000 00000000 00000000 00000000 ................
0x018fe070: 01be0000 00000000 1155bb48 7716fbe7 ........H.U....w
0x018fe080: 5c6d6bb3 018fe090 7718f9a3 1155bb48 .km\.......wH.U.
0x018fe090: 018fe0a8 7710ae31 1155bb48 00000136 ....1..wH.U.6...
0x018fe0a0: 00000000 000000c0 46000000 5c6d6b23 ...........F#km\
0x018fe0b0: 00000001 018fe1c8 77128306 114937e4 ...........w.7I.
0x018fe0c0: 77128160 018fe384 1158ef10 771083ee `..w......X....w
0x018fe0d0: 018fe35c 00000000 018fe384 00000000 \...............
0x018fe0e0: 018fe384 0e5db658 00000000 00000000 ....X.].........
0x018fe0f0: 37d04760 00000000 00000000 ffffffff `G.7............
0x018fe100: ffffffff 00000000 00000000 00000000 ................
0x018fe110: 00000000 00000000 00000000 00000000 ................
0x018fe120: 00000136 00000000 000000c0 46000000 6..............F
0x018fe130: 5c6d6a7b e7da6605 00000272 e7da6605 {jm\.f..r....f..
0x018fe140: 8a40b56c 018fe178 772f7269 770b55e8 l.@.x...ir/w.U.w
0x018fe150: 0000001e 014c0b54 0000001e 00000001 ....T.L.........
0x018fe160: 014b0000 018fe1b4 00000000 770b55e8 ..K..........U.w
0x018fe170: 014b32bc 014b0000 018fe194 772f7166 .2K...K.....fq/w
0x018fe180: 0000001e 018fe1cf 7708c5f8 014b0000 ...........w..K.
0x018fe190: 00000040 018fe1bc 772d9376 00000000 @.......v.-w....
0x018fe1a0: 018fe1cf 018fe1b4 00005dff 01beeb30 .........]..0...
0x018fe1b0: 1158ef10 00140014 014b9388 018fe1d0 ..X.......K.....
0x018fe1c0: 77190d5d 5c6d6bfb 018fe338 77127bef ]..w.km\8....{.w
0x018fe1d0: 018fe384 018fe35c 1158ef10 018fe470 ....\.....X.p...
0x018fe1e0: 018fe384 ef08e7f5 00000000 018fe384 ................
0x018fe1f0: 018fe35c 00000000 01beeb30 00000000 \.......0.......
0x018fe200: 000000c0 46000000 574f454d 00000004 .......FMEOW....
0x018fe210: 000001a2 00000000 000000c0 46000000 ...............F
0x018fe220: 00000338 00000000 000000c0 46000000 8..............F
0x018fe230: 00000000 00001858 00000010 770b02d0 ....X..........w
0x018fe240: 77105c90 77105dfc 5c6d697b 018fe27c .\.w.].w{im\|...
0x018fe250: 771067fe 770b02d0 77084704 00000001 .g.w...w.G.w....
0x018fe260: 00000000 00000000 00000000 00000000 ................
0x018fe270: 80010115 018fe2c8 00000000 00000000 ................
0x018fe280: 00000000 772e8480 00000000 00000000 .......w........
0x018fe290: 00005dff ec0b04bf 4cf0d47d 04360fa4 .]......}..L..6.
0x018fe2a0: 38be1e4d 00000000 00000000 00000000 M..8............
0x018fe2b0: 37d04760 00000000 00000000 00000000 `G.7............
0x018fe2c0: 00000000 1155b968 00000000 00000000 ....h.U.........
0x018fe2d0: 00000000 00000000 00000000 018fe2e8 ................
0x018fe2e0: 7718f9a3 0e5db658 018fe338 7717472d ...wX.].8...-G.w
0x018fe2f0: 0e5db658 0000001c 018fe470 77174590 X.].....p....E.w
0x018fe300: 7717471f 00001888 00000000 11739094 .G.w..........s.
0x018fe310: 11739090 000018b0 00000000 018fe324 ..s.........$...
0x018fe320: 018fedb4 000001a2 00000000 000000c0 ................
0x018fe330: 46000000 5c6d6ad3 018fe364 770a3045 ...F.jm\d...E0.w
0x018fe340: 018fe384 018fe35c 018fedb4 018fe5b0 ....\...........
0x018fe350: 770a2f70 1158ef10 018fe384 00000000 p/.w..X.........
0x018fe360: 5c6d6853 018fe880 744f5a9a 11661a9c Shm\.....ZOt..f.
0x018fe370: 018fe470 70c43b18 00000000 018fe8b8 p....;.p........
0x018fe380: 018fed6c 1158ef10 00000010 00000000 l.....X.........
0x018fe390: 00001898 00008004 00000000 0bedf628 ............(...
0x018fe3a0: 018fe7e8 018fe610 77257d08 00000000 .........}%w....
0x018fe3b0: 018fedb4 770cf832 00000000 016e2000 ....2..w..... n.
0x018fe3c0: 00000000 00000000 018fe604 01beeb30 ............0...
0x018fe3d0: 00000014 00000001 018fe604 770d44ea .............D.w
0x018fe3e0: 00000000 77257d08 00000000 018fe470 .....}%w....p...
0x018fe3f0: 018fe470 00000000 770cf832 00000000 p.......2..w....
0x018fe400: 00000000 00000000 016e2000 00000000 ......... n.....
0x018fe410: 00000000 018fe470 00000000 018fe470 ....p.......p...
0x018fe420: 018fedb4 00000000 01bea660 01be0000 ........`.......
0x018fe430: 0000000c 00000000 00000000 7708b0b8 ...............w
0x018fe440: 018fe528 745267b0 00000004 00000000 (....gRt........
0x018fe450: 01bea660 11439000 0000000d 01be0000 `.....C.........
0x018fe460: 00000004 018fedb4 00000000 00000001 ................
0x018fe470: 018fe384 1173a920 00000000 00000000 .... .s.........
0x018fe480: 00000000 000018c0 00000000 00000000 ................
0x018fe490: 00000001 00000000 00000000 00000000 ................
0x018fe4a0: 00000000 00000000 0001000c 00000000 ................
0x018fe4b0: 00000000 00000000 77190910 77190900 ...........w...w
0x018fe4c0: 018fe8b8 00000000 00000000 00000000 ................
0x018fe4d0: 7708bfd0 00000000 00000000 00000000 ...w............
0x018fe4e0: 00000140 00000000 00000000 00000000 @...............
0x018fe4f0: 00000000 0bdf53e0 00000000 00000000 .....S..........
0x018fe500: 00000000 00000000 00000000 00000003 ................
0x018fe510: 018fd330 00000000 00000000 00000000 0...............
0x018fe520: 00000000 00000000 00000000 00000000 ................
0x018fe530: 00000000 018fe5b0 00000000 00000000 ................
0x018fe540: 00000000 00000000 00000000 74512d4c ............L-Qt
0x018fe550: 113b03ac 113b0328 01bea69c 00000060 ..;.(.;.....`...
0x018fe560: 00000001 00000000 770cdd9a 0e5db6f8 ...........w..].
0x018fe570: 74512bad 018fedb4 00000000 00000000 .+Qt............
0x018fe580: 00000000 770b48cc 00000000 018fe5b0 .....H.w........
0x018fe590: 00000000 00000000 11661a9c 114a1dc8 ..........f...J.
0x018fe5a0: 770b48cc 018fe470 00000004 770cf832 .H.wp.......2..w
0x018fe5b0: 8a885d04 0000006c 770b48be 770b48b4 .]..l....H.w.H.w
0x018fe5c0: 00000004 770b48cc 018fe8b8 00000c33 .....H.w....3...
0x018fe5d0: 00000000 770b48be 770cdd9a 00000022 .....H.w...w"...
0x018fe5e0: 00000000 00000000 00000000 00000001 ................
0x018fe5f0: 00000014 00000000 00000000 00000000 ................
0x018fe600: 00000000 7450b520 00000000 00000000 .... .Pt........
0x018fe610: 00000000 00000000 7452f2b0 7452f3a0 ..........Rt..Rt
0x018fe620: 00000000 00000000 00000000 00000000 ................
0x018fe630: 00000000 00000000 00000000 00000000 ................
0x018fe640: 00000000 018fe658 018fe648 018fe648 ....X...H...H...
0x018fe650: 000001f8 00000000 00000011 00000001 ................
0x018fe660: 113b03ac 113b0328 00000000 018fe68c ..;.(.;.........
0x018fe670: 7451bc32 113b03ac 113b0328 0000000a 2.Qt..;.(.;.....
0x018fe680: 00000000 00000000 00000000 018fe71c ................
0x018fe690: 74511418 770b13a8 00000006 0000000a ..Qt...w........
0x018fe6a0: 00000000 00000000 00000000 00000000 ................
0x018fe6b0: 00000066 01490000 000002b5 01490000 f.....I.......I.
0x018fe6c0: 01490000 018fe6e0 772fcee2 018fe6dc ..I......./w....
0x018fe6d0: 01be0000 00000066 01490000 01493338 ....f.....I.83I.
0x018fe6e0: 018fe840 772fceb4 01be6a7a 772e7447 @...../wzj..Gt.w
0x018fe6f0: bc6de66b 000015a8 01be0000 000015a0 k.m.............
0x018fe700: 00000001 00000000 02000002 00000000 ................
0x018fe710: 950069fc 00000006 70c43484 018fe7f0 .i.......4.p....
0x018fe720: 02000002 113b0328 950069fc 00000000 ....(.;..i......
0x018fe730: 7713b691 ffff98b9 01be6a7a 7713b239 ...w....zj..9..w
0x018fe740: 770b00a0 0bdf56e0 7713b24c 11493724 ...w.V..L..w$7I.
0x018fe750: e30000e3 ffff9982 0e4b8a68 1158bc78 ........h.K.x.X.
0x018fe760: 5c6d6ce7 00000000 00000000 000002b3 .lm\............
0x018fe770: 950069fc 00000006 0000000a 00000020 .i.......... ...
0x018fe780: 01be0000 00000001 01be7550 00000000 ........Pu......
0x018fe790: 00000003 000007ff 0000037e 01be00c0 ........~.......
0x018fe7a0: 01be75a0 00000000 00000000 00000004 .u..............
0x018fe7b0: 000015a8 018fe7e4 00000063 00000000 ........c.......
0x018fe7c0: 000002fe 00000001 01000100 00000001 ................
0x018fe7d0: 0000037e 11734008 00000000 00000000 ~....@s.........
0x018fe7e0: 00000000 1158bc70 1158bc70 00180002 ....p.X.p.X.....
0x018fe7f0: 1158bc78 1158bc78 fffffffe 00000009 x.X.x.X.........
0x018fe800: 004937a4 00000200 000000c9 0000003b .7I.........;...
0x018fe810: 00000000 00003720 01be00c0 00000000 .... 7..........
0x018fe820: 00000049 01be7520 5c6d631b 00000001 I... u...cm\....
0x018fe830: 018ff754 773167b0 cadb8cf3 fffffffe T....g1w........
0x018fe840: 018fe880 772e5c95 000015a0 000015a8 .....\.w........
0x018fe850: 01be7f08 00000000 770afa48 018febe0 ........H..w....
0x018fe860: 018fe884 70c43b18 018fe374 00000000 .....;.pt.......
0x018fe870: 018ff754 74534aa0 051273b8 00000001 T....JSt.s......
0x018fe880: 018fe8a0 770a3a80 7708bfd0 770b48b4 .....:.w...w.H.w
0x018fe890: 018fe8b8 7708eff4 018fedb4 00000014 .......w........
0x018fe8a0: 018fe8b0 77192abf 018fe8b8 00000004 .....*.w........
0x018fe8b0: 018fe920 770ffe79 11661a9c 00000000  ...y..w..f.....
0x018fe8c0: 018fedb4 018fe914 018fedb4 77083400 .............4.w
0x018fe8d0: 00000000 00000014 00000000 00000000 ................
0x018fe8e0: 018fedbc 018ff0f0 018ff2a4 018ff2c0 ................
0x018fe8f0: 00000000 00000000 00002394 114a3368 .........#..h3J.
0x018fe900: 30caf010 00000235 1158bc78 00000ad0 ...05...x.X.....
0x018fe910: 00000000 00000000 00000000 5c6d63e3 .............cm\
0x018fe920: 018feb80 77102ed6 018fedb4 018ff450 .......w....P...
0x018fe930: 00000000 00000000 00000000 00000000 ................
0x018fe940: 00000000 00000000 00000000 00000000 ................
0x018fe950: 00000000 00000000 00000000 00000000 ................
0x018fe960: 00000000 00000000 00000000 00000000 ................
0x018fe970: 00000000 00000000 00000000 00000000 ................
0x018fe980: 00000000 00000000 00000000 00000000 ................
0x018fe990: 00000000 00000000 00000000 00000000 ................
0x018fe9a0: 00000000 00000000 00000000 00000000 ................
0x018fe9b0: 00000000 00000000 00000000 00000000 ................
0x018fe9c0: 00000000 00000000 00000000 00000000 ................
0x018fe9d0: 00000000 00000000 00000000 00000000 ................
0x018fe9e0: 00000000 00000000 00000000 00000000 ................
0x018fe9f0: 00000000 00000000 00000000 00000000 ................
0x018fea00: 00000000 00000000 00000000 00000000 ................
0x018fea10: 00000000 00000000 00000000 00000000 ................
0x018fea20: 00000000 00000000 00000000 00000000 ................
0x018fea30: 00000000 00000000 00000000 00000000 ................
0x018fea40: 00000000 00000000 00000000 00000000 ................
0x018fea50: 00000000 00000000 00000000 00000000 ................
0x018fea60: 00000000 00000000 00000000 00000000 ................
0x018fea70: 00000000 00000000 00000000 00000000 ................
0x018fea80: 00000000 00000000 00000000 00000000 ................
0x018fea90: 00000000 00000000 00000000 00000000 ................
0x018feaa0: 00000000 00000000 00000000 00000000 ................
0x018feab0: 00000000 00000000 00000000 00000000 ................
0x018feac0: 00000000 00000000 00000000 00000000 ................
0x018fead0: 00000000 00000000 00000000 00000000 ................
0x018feae0: 00000000 00000000 00000000 00000000 ................
0x018feaf0: 00000000 00000000 00000000 00000000 ................
0x018feb00: 00000000 00000000 00000000 00000000 ................
0x018feb10: 00000000 00000000 00000000 00000000 ................
0x018feb20: 00000000 00000000 00000000 00000000 ................
0x018feb30: 00000000 00000000 00000000 00000000 ................
0x018feb40: 00000000 00000000 00000000 00000000 ................
0x018feb50: 00000000 77102e11 018fedb4 77102d80 .......w.....-.w
0x018feb60: 00000000 00000000 00000000 018febe0 ................
0x018feb70: 00000000 00000000 77103050 5c6d60b7 ........P0.w.`m\
0x018feb80: 018febcc 77106de2 77257258 00000000 .....m.wXr%w....
0x018feb90: 018fedb4 018ff450 00000000 00000014 ....P...........
0x018feba0: 00000001 018febcc 77105f50 018ff14c ........P_.wL...
0x018febb0: 018ff450 018fedc4 00000014 00000000 P...............
0x018febc0: 77105f6a 5c6d60fb 5c6d60fb 018ff528 j_.w.`m\.`m\(...
0x018febd0: 771477a0 018fedb4 00000000 018ff450 .w.w........P...
0x018febe0: 7708339c 770833e0 770833f0 00000003 .3.w.3.w.3.w....
0x018febf0: 00000338 00000000 000000c0 46000000 8..............F
0x018fec00: 00000000 00000000 00000001 00001850 ............P...
0x018fec10: 000000c0 00000000 00000000 00000006 ................
0x018fec20: 00000000 00000000 00000000 00000000 ................
0x018fec30: 018fecb8 018fed78 00000000 00000000 ....x...........
0x018fec40: 00000000 00000000 00000000 00000000 ................
0x018fec50: 00000000 00000000 00000000 00000000 ................
0x018fec60: 00000000 00000000 00000000 00000000 ................
0x018fec70: 00001858 00000000 00000001 00000000 X...............
0x018fec80: 018fedd0 018ff2c4 018ff150 018ff234 ........P...4...
0x018fec90: 018ff124 018ff0f4 018ff2a8 00000000 $...............
0x018feca0: 00000000 00000000 00000000 00000000 ................
0x018fecb0: 00000000 00000006 000001b9 00000000 ................
0x018fecc0: 000000c0 46000000 000001ab 00000000 .......F........
0x018fecd0: 000000c0 46000000 000001a5 00000000 .......F........
0x018fece0: 000000c0 46000000 000001a4 00000000 .......F........
0x018fecf0: 000000c0 46000000 000001a6 00000000 .......F........
0x018fed00: 000000c0 46000000 000001aa 00000000 .......F........
0x018fed10: 000000c0 46000000 771407ec 00000000 .......F...w....
0x018fed20: 00000000 77258a61 77258a60 772561a0 ....a.%w`.%w.a%w
0x018fed30: 00000004 00000000 00000000 00000000 ................
0x018fed40: 00000000 00000000 00000000 00000000 ................
0x018fed50: 00000000 00000000 00000000 00000000 ................
0x018fed60: 00000000 00000000 00000000 00000000 ................
0x018fed70: 00000000 00000000 00000068 00000058 ........h...X...
0x018fed80: 00000090 00000020 00000020 00001600 .... ... .......
0x018fed90: 00000000 00000000 00000000 00000000 ................
0x018feda0: 00000000 00000000 000000c0 00000000 ................
0x018fedb0: 00000000 77083400 77083448 77083460 .....4.wH4.w`4.w
0x018fedc0: 00000002 00000000 00000000 00000014 ................
0x018fedd0: 00000001 00000000 00000000 00000000 ................
0x018fede0: 00000000 0e470f40 00000000 018ff14c ....@.G.....L...
0x018fedf0: 00000000 018ff230 018ff120 00000000 ....0... .......
0x018fee00: 018ff2c0 00000000 00000000 00000000 ................
0x018fee10: 77083480 770834c0 770834d0 00000001 .4.w.4.w.4.w....
0x018fee20: 00000339 00000000 000000c0 46000000 9..............F
0x018fee30: 00000000 00000000 00000001 00000000 ................
0x018fee40: 00000000 00000000 00000004 00000000 ................
0x018fee50: 00000000 00000000 00000000 00000000 ................
0x018fee60: 00000000 00000000 00000000 00000000 ................
0x018fee70: 00000000 00000000 00000000 00000000 ................
0x018fee80: 00000000 00000000 00000000 00000000 ................
0x018fee90: 00000000 00000000 00000000 00000000 ................
0x018feea0: 00000000 00000000 00000000 00000001 ................
0x018feeb0: 014907d0 00000000 00000000 00000000 ..I.............
0x018feec0: 00000000 00000000 00000000 00000000 ................
0x018feed0: 00000000 00000000 00000000 00000000 ................
0x018feee0: 00000000 00000000 014901d0 00000020 ..........I. ...
0x018feef0: 01490d08 00380036 018fef30 772e5c0c ..I.6.8.0....\.w
0x018fef00: 00000024 00000000 0bedd378 772e5b00 $.......x....[.w
0x018fef10: 00000014 00000030 00000000 00000000 ....0...........
0x018fef20: 00000006 00000002 00000000 1155ba28 ............(.U.
0x018fef30: 018fef44 772e5b32 00000000 00000000 D...2[.w........
0x018fef40: 1155ba28 0bedd378 7719ce70 018fef84 (.U.x...p..w....
0x018fef50: 7714048b 0bedd378 00000014 018fefa8 ...wx...........
0x018fef60: 7714049a 018fefa0 00000000 018fefa4 ...w............
0x018fef70: 00000014 0000000e 00000000 8bc3f05e ............^...
0x018fef80: 5c6d64b3 018fefe0 77140707 018fefa8 .dm\.......w....
0x018fef90: 00000014 018ff0f0 0e470f40 018ff08c ........@.G.....
0x018fefa0: 6b637453 00000014 8bc3f05e 11d0d86b Stck....^...k...
0x018fefb0: c00075a0 2088b64f 00000000 fffffffe .u..O.. ........
0x018fefc0: 77140d6d 77140696 018ff514 00000000 m..w...w........
0x018fefd0: 7714072e 0bedd378 8bc3f05e 00000000 ...wx...^.......
0x018fefe0: 018ff384 770834e0 77083508 00000000 .....4.w.5.w....
0x018feff0: 77083518 00000000 00000000 00000000 .5.w............
0x018ff000: 00000000 00000000 00000000 00000000 ................
0x018ff010: 00000000 2088b64f 00000000 fffffffe ....O.. ........
0x018ff020: 77140d6d 7714154c 77143d10 00000014 m..wL..w.=.w....
0x018ff030: 77141bd4 772e1dba 018ff120 00000040 ...w...w ...@...
0x018ff040: 018ff098 018ff094 772e1efc 00000000 ...........w....
0x018ff050: 00000000 018ff194 772e1e40 00000000 ........@..w....
0x018ff060: 00000000 00000000 00000000 00000000 ................
0x018ff070: 01511738 000007a0 00000000 00000018 8.Q.............
0x018ff080: 00000003 00000000 00000002 00000000 ................
0x018ff090: 77258608 00000000 00000000 00000000 ..%w............
0x018ff0a0: 00000000 bc6d0000 00000000 018ff16c ......m.....l...
0x018ff0b0: 00000000 018ff46c 00000000 00000000 ....l...........
0x018ff0c0: 00000000 00000000 7708353c 77083564 ........<5.wd5.w
0x018ff0d0: 00000000 00000000 00000000 00000000 ................
0x018ff0e0: 00000000 018ff008 00000000 77083588 .............5.w
0x018ff0f0: 770835e4 770835f8 018febe4 00000000 .5.w.5.w........
0x018ff100: 00000001 00000000 00000000 00000000 ................
0x018ff110: 00000000 00000000 00000000 00000000 ................
0x018ff120: 7708361c 77083650 018febe4 00000000 .6.wP6.w........
0x018ff130: 00000001 00000000 00000000 00000000 ................
0x018ff140: 00000000 00000000 00000000 77083674 ............t6.w
0x018ff150: 77083684 018febe4 00000000 00000001 .6.w............
0x018ff160: 8bc3f05e 11d0d86b c00075a0 2088b64f ^...k....u..O.. 
0x018ff170: 00000014 00000000 00000000 00000001 ................
0x018ff180: 00000000 018ff190 00000058 00070005 ........X.......
0x018ff190: f309ad18 11d0d86a c00075a0 2088b64f ....j....u..O.. 
0x018ff1a0: 77140d6d 00000000 bc6dfff7 00000000 m..w......m.....
0x018ff1b0: 74230000 00000001 00000000 74230100 ..#t..........#t
0x018ff1c0: 00000000 018ff1a8 00800000 018ff530 ............0...
0x018ff1d0: 773167b0 cadb8f43 fffffffe 018ff220 .g1wC....... ...
0x018ff1e0: 772deb45 00000001 74230000 00000000 E.-w......#t....
0x018ff1f0: 00000000 018ff214 01beb698 00000000 ................
0x018ff200: 00000000 01beeae0 772e041a 018ff258 ...........wX...
0x018ff210: 74230000 74230100 00000000 00002963 ..#t..#t....c)..
0x018ff220: 018ff2b4 77321e39 00000009 018ff310 ....9.2w........
0x018ff230: 770836a8 770836d8 018febe4 00000000 .6.w.6.w........
0x018ff240: 00000001 770836fc 00000000 00000000 .....6.w........
0x018ff250: 00000000 00000000 1166e0c8 00000000 ..........f.....
0x018ff260: 00000000 00000000 00000000 00000000 ................
0x018ff270: 01c04340 00000000 00000000 7708370c @C...........7.w
0x018ff280: 77083740 00000000 00000000 00000000 @7.w............
0x018ff290: 00000000 00000000 00000000 00000000 ................
0x018ff2a0: 00000000 77083764 7708378c 018febe4 ....d7.w.7.w....
0x018ff2b0: 00000000 00000001 018fe8f8 00000000 ................
0x018ff2c0: 770837b0 7708381c 018febe4 00000000 .7.w.8.w........
0x018ff2d0: 00000001 772df07a 0000000b 00000000 ....z.-w........
0x018ff2e0: 00000000 00000000 00000002 00000000 ................
0x018ff2f0: 00000000 00000000 00000000 00000000 ................
0x018ff300: 00000014 00000002 00000000 00000000 ................
0x018ff310: 00000000 00000000 00000000 00000000 ................
0x018ff320: 00000000 00000000 00000000 00000000 ................
0x018ff330: 77083840 7708385c 00000000 00000000 @8.w\8.w........
0x018ff340: 00000000 00000000 00000000 c00075a0 .............u..
0x018ff350: 77083880 77083894 00000000 00000000 .8.w.8.w........
0x018ff360: 00000000 8bc3f05e 00000000 00000000 ....^...........
0x018ff370: 770838b8 770838d4 00000000 00000000 .8.w.8.w........
0x018ff380: 00000000 7714504c 00000000 00000000 ....LP.w........
0x018ff390: 00000000 00000000 00000000 771475ac .............u.w
0x018ff3a0: 00000014 01beeb30 00000000 00000000 ....0...........
0x018ff3b0: 05e20000 10c11cc8 10c235f8 000001da .........5......
0x018ff3c0: 10c2a6f8 05e20000 10c2a6f8 00000002 ................
0x018ff3d0: 6af86903 00000000 10c2a6f0 00000002 .i.j............
0x018ff3e0: 000003e6 018ff504 41e90f3e 463356c1 ........>..A.V3F
0x018ff3f0: 8b6ec381 70dd8bac 770b07ac 00000008 ..n....p...w....
0x018ff400: 00000000 00000014 00000000 00000000 ................
0x018ff410: 018ff474 00000000 772e0788 00000001 t..........w....
0x018ff420: 018ff6f0 00000000 00000000 00000000 ................
0x018ff430: 00000001 00000000 773af9f8 00000000 ..........:w....
0x018ff440: 00000000 00000000 00000000 00000000 ................
0x018ff450: 00000000 018ff5b4 00000000 00000000 ................
0x018ff460: 80004005 80004002 018ff628 00000000 .@...@..(.......
0x018ff470: 00000000 00000000 0008378c 00000000 .........7......
0x018ff480: 018febe0 77105f00 00000000 00000000 ....._.w........
0x018ff490: 00000000 00000000 00000000 00000000 ................
0x018ff4a0: f309ad18 11d0d86a c00075a0 2088b64f ....j....u..O.. 
0x018ff4b0: 00000000 00000000 00000000 00000000 ................
0x018ff4c0: 00000001 00000000 018ff490 018ff498 ................
0x018ff4d0: 018ff4a0 00000000 00000000 00000000 ................
0x018ff4e0: 00000000 00000000 00000000 00000000 ................
0x018ff4f0: 00000000 00000000 00000000 00000000 ................
0x018ff500: 00000000 8bc3f05e 11d0d86b c00075a0 ....^...k....u..
0x018ff510: 2088b64f 8bc3f05e 11d0d86b c00075a0 O.. ^...k....u..
0x018ff520: 2088b64f 5c6d7e1f 018ff5dc 77146ba2 O.. .~m\.....k.w
0x018ff530: 00000014 00000000 00000001 00000000 ................
0x018ff540: 018ff628 00000000 00000000 00000000 (...............
0x018ff550: 00000000 00000000 01beeb30 6fb011e8 ........0......o
0x018ff560: 00000000 00000000 00000000 018ff628 ............(...
0x018ff570: 00000000 00000000 00000000 00000000 ................
0x018ff580: 00000000 114a3768 114ea4a0 6fb032e8 ....h7J...N..2.o
0x018ff590: 01490000 01490000 114ea478 00000002 ..I...I.x.N.....
0x018ff5a0: 114ea498 0000007d 01490c3c 00000000 ..N.}...<.I.....
0x018ff5b0: 014901c0 00000020 01490c38 018ff600 ..I. ...8.I.....
0x018ff5c0: 018ff5f8 772e5c0c 00000004 00000000 .....\.w........
0x018ff5d0: 00000002 5c6d7e63 114a4770 018ff600 ....c~m\pGJ.....
0x018ff5e0: 7718686f 00000014 00000000 00000001 oh.w............
0x018ff5f0: 018ff628 00000000 114a4770 01beeb30 (.......pGJ.0...
0x018ff600: 018ff634 6fb02069 6fb011e8 00000000 4...i .o...o....
0x018ff610: 00000014 00000000 00000001 018ff628 ............(...
0x018ff620: 00000000 00000000 6fb011f8 00000000 ...........o....
0x018ff630: 80004002 018ff760 6fb023e3 018ff688 .@..`....#.o....
0x018ff640: 00000001 00000000 ceb952ec 114a4770 .........R..pGJ.
0x018ff650: 114a4770 114a327c 00000000 00000000 pGJ.|2J.........
0x018ff660: 00000000 00000000 00000000 00000000 ................
0x018ff670: 00000000 00000000 00000000 00000000 ................
0x018ff680: dc12a687 11cf737f 00000000 114ea6d0 .....s........N.
0x018ff690: 018ff6b4 00000000 00000000 00000000 ................
0x018ff6a0: 00000001 00000000 018ff670 018ff678 ........p...x...
0x018ff6b0: 018ff680 00000009 00000000 114a3480 .............4J.
0x018ff6c0: 00000000 00000003 00000000 00000000 ................
0x018ff6d0: 00000000 018ff750 772e04f2 018ff6f0 ....P......w....
0x018ff6e0: 018ff878 00000000 00000000 01be0000 x...............
0x018ff6f0: 00000002 114a3480 00000000 00000000 .....4J.........
0x018ff700: 00000000 114ea6d0 00000000 114a3480 ......N......4J.
0x018ff710: 00000000 00000001 00000005 00000000 ................
0x018ff720: 01490000 01490000 114ea6d0 114a4770 ..I...I...N.pGJ.
0x018ff730: 000100ec 00000000 0049222c 00000000 ........,"I.....
0x018ff740: 014901c4 00000000 01492228 c0000135 ..I.....("I.5...
0x018ff750: ceb952ec 018ff7d8 6fb03f42 00000005 .R......B?.o....
0x018ff760: 018ff794 6fb01ba9 114a327c 00000000 .......o|2J.....
0x018ff770: 00000000 00000000 00000000 00000000 ................
0x018ff780: 00000000 018ff878 6fb03de0 114a4770 ....x....=.opGJ.
0x018ff790: 00000000 018ff7e4 6fb02a1f 114a327c .........*.o|2J.
0x018ff7a0: 00000000 00000000 00000000 00000000 ................
0x018ff7b0: 00000000 00000000 018ff878 ceb95268 ........x...hR..
0x018ff7c0: 018ff878 114ea800 00000000 114a4770 x.....N.....pGJ.
0x018ff7d0: 00000000 ceb95268 018ffecc 6fb03f83 ....hR.......?.o
0x018ff7e0: ffffffff 018ff824 001daff2 114ea800 ....$.........N.
0x018ff7f0: 114a327c 00000000 00000000 00000000 |2J.............
0x018ff800: 00000000 00000000 00000000 018ff878 ............x...
0x018ff810: 0000000f 00000000 00000010 039741a0 .............A..
0x018ff820: 114ea800 018ff87c 001dcaed 00000010 ..N.|...........
0x018ff830: 052212a0 00000000 001c8c23 03a1b710 ..".....#.......
0x018ff840: 012b1380 012b2a20 03a1b720 018ff864 ..+. *+. ...d...
0x018ff850: 001cc294 03a1b700 00000010 052212a0 ..............".
0x018ff860: 00000000 00000000 0000000f 00000000 ................
0x018ff870: 018ff950 018ff9b0 00000000 018ff9b0 P...............
0x018ff880: 007cc60b 052212a0 052212a0 00000000 ..|..."...".....
0x018ff890: 039dc700 039dc700 012b1380 018ff8c4 ..........+.....
0x018ff8a0: 001cc082 039dc700 018ff954 342e3575 ........T...u5.4
0x018ff8b0: 3166312e 00000000 039dc700 00000008 .1f1............
0x018ff8c0: 0000000f 00000000 03a1b720 039dc700 ........ .......
0x018ff8d0: 00000030 00000030 00000020 0000002f 0...0... .../...
0x018ff8e0: 00000000 03a1b720 052212b0 0000000f .... .....".....
0x018ff8f0: 00fce94c 00000020 0000002f 00000000 L... .../.......
0x018ff900: 646e6957 5073776f 6579616c 00000072 WindowsPlayer...
0x018ff910: 0000000d 0000000f 00000000 00000030 ............0...
0x018ff920: 00000010 018ff954 00000000 00fce94c ....T.......L...
0x018ff930: 0000004b 018ff95c 00000042 00000000 K...\...B.......
0x018ff940: 00000010 018ff954 00000000 00fce94c ....T.......L...
0x018ff950: 00000042 00000000 039bdb50 018ff994 B.......P.......
0x018ff960: 0007fe56 00000030 00000000 00000024 V...0.......$...
0x018ff970: 342e3500 3166312e 039dc700 00000000 .5.4.1f1........
0x018ff980: 00000000 0000000f 00000000 03a1b600 ................
0x018ff990: 018ff9b0 00080c1f 039dc700 00000000 ................
0x018ff9a0: 0000000f 00000000 00000042 00000020 ........B... ...
0x018ff9b0: 018ff9b8 007cb70a 018ff9c8 007cc147 ......|.....G.|.
0x018ff9c0: 00000001 00000024 018ffa60 007cd9aa ....$...`.....|.
0x018ff9d0: 018ff9fc 00000001 052212a0 00000000 ..........".....
0x018ff9e0: 00000000 00000000 00000000 00000000 ................
0x018ff9f0: 00000000 0000000f 00000000 03a1b810 ................
0x018ffa00: 00000000 00000000 00000000 00000024 ............$...
0x018ffa10: 0000002f 00000000 018ffa00 018ffa70 /...........p...
0x018ffa20: 75fff2a8 abababab 00000000 0000000f ...u............
0x018ffa30: 00000000 039dc750 010bb528 05221248 ....P...(...H.".
0x018ffa40: 75fff326 00000024 0000002f 039ae190 &..u$.../.......
0x018ffa50: 0000002f 4eb8795b 039dc750 018ffa70 /...[y.NP...p...
0x018ffa60: 018ffa70 007cdad5 00000000 01268310 p.....|.......&.
0x018ffa70: 018ffa8c 007cdb4f 00000001 36d1099d ....O.|........6
0x018ffa80: 36d1099d 00000000 00000000 018ffac0 ...6............
0x018ffa90: 007ca5b5 052212a0 00000001 36d1099d ..|..."........6
0x018ffaa0: 36d1099d 00000000 00000000 010bb528 ...6........(...
0x018ffab0: 05221248 00000000 01268310 00000000 H.".......&.....
0x018ffac0: 018ffb28 007cb3d7 00000001 36d1099d (.....|........6
0x018ffad0: 36d1099d 00000000 00000000 00000003 ...6............
0x018ffae0: 00000002 01264ff0 039dc750 018ffb18 .....O&.P.......
0x018ffaf0: 00331137 00000000 00000021 0000002f 7.3.....!.../...
0x018ffb00: 00000000 039f0c00 018ffaf8 018ffecc ................
0x018ffb10: 00f72bd0 00000000 0000000f 00000000 .+..............
0x018ffb20: 00000042 00000000 018ffb34 007cb4fa B.......4.....|.
0x018ffb30: 00000001 018ffb5c 001340e0 05221248 ....\....@..H.".
0x018ffb40: ffffffbc 04bed598 00000002 04bed4e0 ................

Module 1
C:\Users\felip_000\OneDrive\Documentos\Unity Projects\MagicProject\Magic Project\Development Builds\Standalone\Win84_0.0.3\magic.exe
Image Base: 0x00070000  Image Size: 0x0140a000
File Size:  20105728    File Time:  2016-09-01_082138
Version:
   Company:    
   Product:    
   FileDesc:   
   FileVer:    5.4.1.40776
   ProdVer:    5.4.1.40776

Module 2
C:\Users\felip_000\OneDrive\Documentos\Unity Projects\MagicProject\Magic Project\Development Builds\Standalone\Win84_0.0.3\magic_Data\Mono\mono.dll
Image Base: 0x10000000  Image Size: 0x00230000
File Size:  2113496     File Time:  2016-09-01_083758
Version:
   Company:    Unity Technologies
   Product:    libmono
   FileDesc:   Unity Technologies fork of mono runtime
   FileVer:    1.0.0.1
   ProdVer:    1.0.0.1

Module 3
C:\WINDOWS\SYSTEM32\xinput1_3.dll
Image Base: 0x00400000  Image Size: 0x00016000
File Size:  81768       File Time:  2007-04-04_195342
Version:
   Company:    Microsoft Corporation
   Product:    Microsoft® DirectX for Windows®
   FileDesc:   Microsoft Common Controller API
   FileVer:    9.18.944.0
   ProdVer:    9.18.944.0

Module 4
C:\WINDOWS\SYSTEM32\DDRAW.dll
Image Base: 0x52de0000  Image Size: 0x000ed000
File Size:  548352      File Time:  2016-11-02_084022
Version:
   Company:    Microsoft Corporation
   Product:    Sistema Operacional Microsoft® Windows®
   FileDesc:   Microsoft DirectDraw
   FileVer:    10.0.14393.447
   ProdVer:    10.0.14393.447

Module 5
C:\WINDOWS\SYSTEM32\OPENGL32.dll
Image Base: 0x52ed0000  Image Size: 0x000e0000
File Size:  786944      File Time:  2016-07-16_094306
Version:
   Company:    Microsoft Corporation
   Product:    Microsoft® Windows® Operating System
   FileDesc:   OpenGL Client DLL
   FileVer:    10.0.14393.0
   ProdVer:    10.0.14393.0

Module 6
C:\WINDOWS\SYSTEM32\GLU32.dll
Image Base: 0x596b0000  Image Size: 0x00025000
File Size:  141312      File Time:  2016-07-16_094306
Version:
   Company:    Microsoft Corporation
   Product:    Sistema Operacional Microsoft® Windows®
   FileDesc:   DLL da biblioteca de utilitários OpenGL
   FileVer:    10.0.14393.0
   ProdVer:    10.0.14393.0

Module 7
C:\WINDOWS\SYSTEM32\DCIMAN32.dll
Image Base: 0x59a90000  Image Size: 0x00007000
File Size:  11776       File Time:  2016-07-16_094250
Version:
   Company:    Microsoft Corporation
   Product:    Microsoft® Windows® Operating System
   FileDesc:   DCI Manager
   FileVer:    10.0.14393.0
   ProdVer:    10.0.14393.0

Module 8
C:\WINDOWS\System32\DriverStore\FileRepository\nv_desktop_ref4wu.inf_amd64_6e17fae58779a6b0\nvwgf2um.dll
Image Base: 0x5ce70000  Image Size: 0x010f0000
File Size:  18140240    File Time:  2016-09-12_220444
Version:
   Company:    NVIDIA Corporation
   Product:    NVIDIA D3D10 drivers
   FileDesc:   NVIDIA D3D10 Driver, Version 369.09 
   FileVer:    21.21.13.6909
   ProdVer:    21.21.13.6909

Module 9
C:\WINDOWS\SYSTEM32\dxgi.dll
Image Base: 0x61980000  Image Size: 0x00084000
File Size:  527880      File Time:  2016-11-11_054746
Version:
   Company:    Microsoft Corporation
   Product:    Microsoft® Windows® Operating System
   FileDesc:   DirectX Graphics Infrastructure
   FileVer:    10.0.14393.479
   ProdVer:    10.0.14393.479

Module 10
C:\WINDOWS\SYSTEM32\d3d11.dll
Image Base: 0x61a10000  Image Size: 0x0022f000
File Size:  2277248     File Time:  2016-11-11_054802
Version:
   Company:    Microsoft Corporation
   Product:    Microsoft® Windows® Operating System
   FileDesc:   Direct3D 11 Runtime
   FileVer:    10.0.14393.479
   ProdVer:    10.0.14393.479

Module 11
C:\WINDOWS\SYSTEM32\dbghelp.dll
Image Base: 0x64210000  Image Size: 0x00145000
File Size:  1220608     File Time:  2016-07-16_094258
Version:
   Company:    Microsoft
   Product:    Microsoft® Windows® Operating System
   FileDesc:   Windows Image Helper
   FileVer:    10.0.14321.1024
   ProdVer:    10.0.14321.1024

Module 12
C:\WINDOWS\WinSxS\x86_microsoft.windows.common-controls_6595b64144ccf1df_6.0.14393.447_none_89c64d28dafea4b9\comctl32.dll
Image Base: 0x6ca60000  Image Size: 0x0020a000
File Size:  2122080     File Time:  2016-11-02_090450
Version:
   Company:    Microsoft Corporation
   Product:    Sistema operacional Microsoft® Windows®
   FileDesc:   Biblioteca de Controles de Experiência do Usuário
   FileVer:    6.10.14393.447
   ProdVer:    10.0.14393.447

Module 13
C:\WINDOWS\SYSTEM32\wintypes.dll
Image Base: 0x6d230000  Image Size: 0x000cf000
File Size:  846560      File Time:  2016-12-09_075926
Version:
   Company:    Microsoft Corporation
   Product:    Sistema Operacional Microsoft® Windows®
   FileDesc:   DLL dos Tipos de Base do Windows
   FileVer:    10.0.14393.576
   ProdVer:    10.0.14393.576

Module 14
C:\WINDOWS\SYSTEM32\AUDIOSES.DLL
Image Base: 0x6d300000  Image Size: 0x0007b000
File Size:  484584      File Time:  2016-11-11_063942
Version:
   Company:    Microsoft Corporation
   Product:    Sistema Operacional Microsoft® Windows®
   FileDesc:   Sessão de Áudio
   FileVer:    10.0.14393.479
   ProdVer:    10.0.14393.479

Module 15
C:\WINDOWS\SYSTEM32\ksuser.dll
Image Base: 0x6d380000  Image Size: 0x00007000
File Size:  20672       File Time:  2016-07-16_094250
Version:
   Company:    Microsoft Corporation
   Product:    Microsoft® Windows® Operating System
   FileDesc:   User CSA Library
   FileVer:    10.0.14393.0
   ProdVer:    10.0.14393.0

Module 16
C:\WINDOWS\SYSTEM32\AVRT.dll
Image Base: 0x6d390000  Image Size: 0x00009000
File Size:  29448       File Time:  2016-07-16_094250
Version:
   Company:    Microsoft Corporation
   Product:    Microsoft® Windows® Operating System
   FileDesc:   Multimedia Realtime Runtime
   FileVer:    10.0.14393.0
   ProdVer:    10.0.14393.0

Module 17
C:\WINDOWS\SYSTEM32\wdmaud.drv
Image Base: 0x6d5b0000  Image Size: 0x00039000
File Size:  207360      File Time:  2016-07-16_094250
Version:
   Company:    Microsoft Corporation
   Product:    Sistema Operacional Microsoft® Windows®
   FileDesc:   Driver de sistema de áudio Winmm
   FileVer:    10.0.14393.0
   ProdVer:    10.0.14393.0

Module 18
C:\WINDOWS\SYSTEM32\midimap.dll
Image Base: 0x6d820000  Image Size: 0x00008000
File Size:  18944       File Time:  2016-07-16_094250
Version:
   Company:    Microsoft Corporation
   Product:    Microsoft® Windows® Operating System
   FileDesc:   Microsoft MIDI Mapper
   FileVer:    10.0.14393.0
   ProdVer:    10.0.14393.0

Module 19
C:\WINDOWS\SYSTEM32\MSACM32.dll
Image Base: 0x6d830000  Image Size: 0x00018000
File Size:  90912       File Time:  2016-07-16_094250
Version:
   Company:    Microsoft Corporation
   Product:    Sistema Operacional Microsoft® Windows®
   FileDesc:   Filtro de áudio do gerenciador de compactação de áudio da Microsoft
   FileVer:    10.0.14393.0
   ProdVer:    10.0.14393.0

Module 20
C:\WINDOWS\SYSTEM32\msacm32.drv
Image Base: 0x6d850000  Image Size: 0x0000a000
File Size:  24576       File Time:  2016-07-16_094250
Version:
   Company:    Microsoft Corporation
   Product:    Sistema Operacional Microsoft® Windows®
   FileDesc:   Mapeador de som da Microsoft
   FileVer:    10.0.14393.0
   ProdVer:    10.0.14393.0

Module 21
C:\WINDOWS\System32\MMDevApi.dll
Image Base: 0x6d860000  Image Size: 0x00058000
File Size:  352768      File Time:  2016-07-16_094250
Version:
   Company:    Microsoft Corporation
   Product:    Sistema Operacional Microsoft® Windows®
   FileDesc:   API do MMDevice
   FileVer:    10.0.14393.0
   ProdVer:    10.0.14393.0

Module 22
C:\WINDOWS\SYSTEM32\HID.DLL
Image Base: 0x6da20000  Image Size: 0x0000a000
File Size:  25600       File Time:  2016-07-16_094250
Version:
   Company:    Microsoft Corporation
   Product:    Sistema Operacional Microsoft® Windows®
   FileDesc:   Biblioteca de Usuário de HID
   FileVer:    10.0.14393.0
   ProdVer:    10.0.14393.0

Module 23
C:\WINDOWS\system32\wbem\fastprox.dll
Image Base: 0x6da30000  Image Size: 0x000c2000
File Size:  779776      File Time:  2016-07-16_094258
Version:
   Company:    Microsoft Corporation
   Product:    Microsoft® Windows® Operating System
   FileDesc:   WMI Custom Marshaller
   FileVer:    10.0.14393.0
   ProdVer:    10.0.14393.0

Module 24
C:\WINDOWS\system32\wbem\wbemsvc.dll
Image Base: 0x6db00000  Image Size: 0x00010000
File Size:  48640       File Time:  2016-07-16_094258
Version:
   Company:    Microsoft Corporation
   Product:    Microsoft® Windows® Operating System
   FileDesc:   WMI
   FileVer:    10.0.14393.0
   ProdVer:    10.0.14393.0

Module 25
C:\Windows\System32\rasadhlp.dll
Image Base: 0x6fa80000  Image Size: 0x00008000
File Size:  13312       File Time:  2016-07-16_094302
Version:
   Company:    Microsoft Corporation
   Product:    Microsoft® Windows® Operating System
   FileDesc:   Remote Access AutoDial Helper
   FileVer:    10.0.14393.0
   ProdVer:    10.0.14393.0

Module 26
C:\WINDOWS\SYSTEM32\wbemcomn.dll
Image Base: 0x6fa90000  Image Size: 0x00067000
File Size:  391168      File Time:  2016-07-16_094258
Version:
   Company:    Microsoft Corporation
   Product:    Microsoft® Windows® Operating System
   FileDesc:   WMI
   FileVer:    10.0.14393.0
   ProdVer:    10.0.14393.0

Module 27
C:\WINDOWS\system32\wbem\wbemprox.dll
Image Base: 0x6fb00000  Image Size: 0x0000d000
File Size:  35328       File Time:  2016-07-16_094258
Version:
   Company:    Microsoft Corporation
   Product:    Microsoft® Windows® Operating System
   FileDesc:   WMI
   FileVer:    10.0.14393.0
   ProdVer:    10.0.14393.0

Module 28
C:\WINDOWS\SYSTEM32\dhcpcsvc.DLL
Image Base: 0x6fb10000  Image Size: 0x00014000
File Size:  63488       File Time:  2016-07-16_094256
Version:
   Company:    Microsoft Corporation
   Product:    Sistema Operacional Microsoft® Windows®
   FileDesc:   Serviço do Cliente DHCP
   FileVer:    10.0.14393.0
   ProdVer:    10.0.14393.0

Module 29
C:\WINDOWS\SYSTEM32\dhcpcsvc6.DLL
Image Base: 0x6fb30000  Image Size: 0x00013000
File Size:  57344       File Time:  2016-07-16_094256
Version:
   Company:    Microsoft Corporation
   Product:    Sistema Operacional Microsoft® Windows®
   FileDesc:   Cliente DHCPv6
   FileVer:    10.0.14393.0
   ProdVer:    10.0.14393.0

Module 30
C:\WINDOWS\System32\fwpuclnt.dll
Image Base: 0x6fb50000  Image Size: 0x00049000
File Size:  279040      File Time:  2016-07-16_094256
Version:
   Company:    Microsoft Corporation
   Product:    Sistema Operacional Microsoft® Windows®
   FileDesc:   API de Modo de Usuário FWP/IPsec
   FileVer:    10.0.14393.0
   ProdVer:    10.0.14393.0

Module 31
C:\WINDOWS\System32\wshbth.dll
Image Base: 0x6fba0000  Image Size: 0x00011000
File Size:  51712       File Time:  2016-07-16_094258
Version:
   Company:    Microsoft Corporation
   Product:    Microsoft® Windows® Operating System
   FileDesc:   Windows Sockets Helper DLL
   FileVer:    10.0.14393.0
   ProdVer:    10.0.14393.0

Module 32
C:\WINDOWS\System32\winrnr.dll
Image Base: 0x6fbc0000  Image Size: 0x0000c000
File Size:  24064       File Time:  2016-07-16_094248
Version:
   Company:    Microsoft Corporation
   Product:    Microsoft® Windows® Operating System
   FileDesc:   LDAP RnR Provider DLL
   FileVer:    10.0.14393.0
   ProdVer:    10.0.14393.0

Module 33
C:\WINDOWS\system32\NLAapi.dll
Image Base: 0x703c0000  Image Size: 0x00014000
File Size:  65024       File Time:  2016-07-16_094354
Version:
   Company:    Microsoft Corporation
   Product:    Microsoft® Windows® Operating System
   FileDesc:   Network Location Awareness 2
   FileVer:    10.0.14393.0
   ProdVer:    10.0.14393.0

Module 34
C:\WINDOWS\system32\pnrpnsp.dll
Image Base: 0x703e0000  Image Size: 0x00016000
File Size:  70656       File Time:  2016-07-16_094402
Version:
   Company:    Microsoft Corporation
   Product:    Sistema Operacional Microsoft® Windows®
   FileDesc:   PNRP Name Space Provider
   FileVer:    10.0.14393.0
   ProdVer:    10.0.14393.0

Module 35
C:\WINDOWS\system32\napinsp.dll
Image Base: 0x70400000  Image Size: 0x00012000
File Size:  55808       File Time:  2016-07-16_094302
Version:
   Company:    Microsoft Corporation
   Product:    Sistema Operacional Microsoft® Windows®
   FileDesc:   Provedor de Correção de Nomeação de Emails
   FileVer:    10.0.14393.0
   ProdVer:    10.0.14393.0

Module 36
C:\WINDOWS\SYSTEM32\MSWSOCK.dll
Image Base: 0x70420000  Image Size: 0x0004e000
File Size:  306016      File Time:  2016-07-16_094256
Version:
   Company:    Microsoft Corporation
   Product:    Sistema Operacional Microsoft® Windows®
   FileDesc:   Provedor de serviços do Microsoft Windows Sockets 2.0
   FileVer:    10.0.14393.0
   ProdVer:    10.0.14393.0

Module 37
C:\WINDOWS\system32\dwmapi.dll
Image Base: 0x70470000  Image Size: 0x0001f000
File Size:  113504      File Time:  2016-09-15_151352
Version:
   Company:    Microsoft Corporation
   Product:    Sistema Operacional Microsoft® Windows®
   FileDesc:   API do Gerenciador de Janelas da Área de Trabalho Microsoft
   FileVer:    10.0.14393.206
   ProdVer:    10.0.14393.206

Module 38
C:\WINDOWS\SYSTEM32\WINMMBASE.dll
Image Base: 0x70800000  Image Size: 0x00023000
File Size:  131208      File Time:  2016-07-16_094250
Version:
   Company:    Microsoft Corporation
   Product:    Microsoft® Windows® Operating System
   FileDesc:   Base Multimedia Extension API DLL
   FileVer:    10.0.14393.0
   ProdVer:    10.0.14393.0

Module 39
C:\WINDOWS\SYSTEM32\WINMM.dll
Image Base: 0x70830000  Image Size: 0x00024000
File Size:  135376      File Time:  2016-07-16_094250
Version:
   Company:    Microsoft Corporation
   Product:    Sistema Operacional Microsoft® Windows®
   FileDesc:   MCI API DLL
   FileVer:    10.0.14393.0
   ProdVer:    10.0.14393.0

Module 40
C:\WINDOWS\system32\rsaenh.dll
Image Base: 0x72ed0000  Image Size: 0x0002f000
File Size:  184416      File Time:  2016-07-16_094256
Version:
   Company:    Microsoft Corporation
   Product:    Microsoft® Windows® Operating System
   FileDesc:   Microsoft Enhanced Cryptographic Provider
   FileVer:    10.0.14393.0
   ProdVer:    10.0.14393.0

Module 41
C:\WINDOWS\SYSTEM32\CRYPTSP.dll
Image Base: 0x72f00000  Image Size: 0x00013000
File Size:  68720       File Time:  2016-07-16_094256
Version:
   Company:    Microsoft Corporation
   Product:    Microsoft® Windows® Operating System
   FileDesc:   Cryptographic Service Provider API
   FileVer:    10.0.14393.0
   ProdVer:    10.0.14393.0

Module 42
C:\WINDOWS\SYSTEM32\IPHLPAPI.DLL
Image Base: 0x73270000  Image Size: 0x0002f000
File Size:  184416      File Time:  2016-07-16_094256
Version:
   Company:    Microsoft Corporation
   Product:    Sistema Operacional Microsoft® Windows®
   FileDesc:   API de Auxiliar de IP
   FileVer:    10.0.14393.0
   ProdVer:    10.0.14393.0

Module 43
C:\WINDOWS\SYSTEM32\DNSAPI.dll
Image Base: 0x732a0000  Image Size: 0x0007c000
File Size:  496872      File Time:  2016-09-15_153716
Version:
   Company:    Microsoft Corporation
   Product:    Sistema Operacional Microsoft® Windows®
   FileDesc:   DLL da API de cliente DNS
   FileVer:    10.0.14393.206
   ProdVer:    10.0.14393.206

Module 44
C:\WINDOWS\SYSTEM32\WINHTTP.dll
Image Base: 0x73320000  Image Size: 0x000a0000
File Size:  636928      File Time:  2016-10-15_014418
Version:
   Company:    Microsoft Corporation
   Product:    Sistema Operacional Microsoft® Windows®
   FileDesc:   Windows HTTP Services
   FileVer:    10.0.14393.351
   ProdVer:    10.0.14393.351

Module 45
C:\WINDOWS\System32\PROPSYS.dll
Image Base: 0x73780000  Image Size: 0x0014f000
File Size:  1375456     File Time:  2016-07-16_094256
Version:
   Company:    Microsoft Corporation
   Product:    Pesquisa do Windows®
   FileDesc:   Sistema de Propriedades  Microsoft
   FileVer:    7.0.14393.0
   ProdVer:    7.0.14393.0

Module 46
C:\WINDOWS\system32\uxtheme.dll
Image Base: 0x738e0000  Image Size: 0x00075000
File Size:  457728      File Time:  2016-07-16_094306
Version:
   Company:    Microsoft Corporation
   Product:    Sistema Operacional Microsoft® Windows®
   FileDesc:   Biblioteca UxTheme Microsoft
   FileVer:    10.0.14393.0
   ProdVer:    10.0.14393.0

Module 47
C:\WINDOWS\SYSTEM32\ntmarta.dll
Image Base: 0x73c50000  Image Size: 0x00028000
File Size:  154432      File Time:  2016-07-16_094256
Version:
   Company:    Microsoft Corporation
   Product:    Sistema Operacional Microsoft® Windows®
   FileDesc:   Provedor MARTA do Windows NT
   FileVer:    10.0.14393.0
   ProdVer:    10.0.14393.0

Module 48
C:\WINDOWS\System32\DEVOBJ.dll
Image Base: 0x73c80000  Image Size: 0x00022000
File Size:  132232      File Time:  2016-07-16_094256
Version:
   Company:    Microsoft Corporation
   Product:    Microsoft® Windows® Operating System
   FileDesc:   Device Information Set DLL
   FileVer:    10.0.14393.0
   ProdVer:    10.0.14393.0

Module 49
C:\WINDOWS\SYSTEM32\bcrypt.dll
Image Base: 0x73cb0000  Image Size: 0x0001b000
File Size:  106896      File Time:  2016-12-09_080100
Version:
   Company:    Microsoft Corporation
   Product:    Sistema Operacional Microsoft® Windows®
   FileDesc:   Biblioteca de Primitivos Criptografados do Windows
   FileVer:    10.0.14393.576
   ProdVer:    10.0.14393.576

Module 50
C:\WINDOWS\SYSTEM32\VERSION.dll
Image Base: 0x73d40000  Image Size: 0x00008000
File Size:  27360       File Time:  2016-07-16_094306
Version:
   Company:    Microsoft Corporation
   Product:    Microsoft® Windows® Operating System
   FileDesc:   Version Checking and File Installation Libraries
   FileVer:    10.0.14393.0
   ProdVer:    10.0.14393.0

Module 51
C:\WINDOWS\System32\CRYPTBASE.dll
Image Base: 0x73d50000  Image Size: 0x0000a000
File Size:  31528       File Time:  2016-07-16_094250
Version:
   Company:    Microsoft Corporation
   Product:    Microsoft® Windows® Operating System
   FileDesc:   Base cryptographic API DLL
   FileVer:    10.0.14393.0
   ProdVer:    10.0.14393.0

Module 52
C:\WINDOWS\System32\SspiCli.dll
Image Base: 0x73d60000  Image Size: 0x0001e000
File Size:  117240      File Time:  2016-12-09_075110
Version:
   Company:    Microsoft Corporation
   Product:    Microsoft® Windows® Operating System
   FileDesc:   Security Support Provider Interface
   FileVer:    10.0.14393.576
   ProdVer:    10.0.14393.576

Module 53
C:\WINDOWS\System32\NSI.dll
Image Base: 0x73d90000  Image Size: 0x00007000
File Size:  20152       File Time:  2016-07-16_094228
Version:
   Company:    Microsoft Corporation
   Product:    Microsoft® Windows® Operating System
   FileDesc:   NSI User-mode interface DLL
   FileVer:    10.0.14393.0
   ProdVer:    10.0.14393.0

Module 54
C:\WINDOWS\System32\msvcp_win.dll
Image Base: 0x73da0000  Image Size: 0x0007b000
File Size:  498408      File Time:  2016-07-16_094256
Version:
   Company:    Microsoft Corporation
   Product:    Microsoft® Windows® Operating System
   FileDesc:   Microsoft® C Runtime Library
   FileVer:    10.0.14393.0
   ProdVer:    10.0.14393.0

Module 55
C:\WINDOWS\System32\SETUPAPI.dll
Image Base: 0x73e20000  Image Size: 0x0040b000
File Size:  4268368     File Time:  2016-07-16_094246
Version:
   Company:    Microsoft Corporation
   Product:    Sistema Operacional Microsoft® Windows®
   FileDesc:   API de instalação do Windows
   FileVer:    10.0.14393.0
   ProdVer:    10.0.14393.0

Module 56
C:\WINDOWS\System32\OLEAUT32.dll
Image Base: 0x74230000  Image Size: 0x00094000
File Size:  601712      File Time:  2016-11-02_092300
Version:
   Company:    Microsoft Corporation
   Product:    Microsoft® Windows® Operating System
   FileDesc:   OLEAUT32.DLL
   FileVer:    10.0.14393.447
   ProdVer:    10.0.14393.447

Module 57
C:\WINDOWS\System32\cfgmgr32.dll
Image Base: 0x742d0000  Image Size: 0x00036000
File Size:  213848      File Time:  2016-07-16_094256
Version:
   Company:    Microsoft Corporation
   Product:    Microsoft® Windows® Operating System
   FileDesc:   Configuration Manager DLL
   FileVer:    10.0.14393.0
   ProdVer:    10.0.14393.0

Module 58
C:\WINDOWS\System32\RPCRT4.dll
Image Base: 0x744f0000  Image Size: 0x000c1000
File Size:  790760      File Time:  2016-10-08_175930
Version:
   Company:    Microsoft Corporation
   Product:    Sistema Operacional Microsoft® Windows®
   FileDesc:   Tempo de Execução da Chamada de Procedimento Remoto
   FileVer:    10.0.14393.82
   ProdVer:    10.0.14393.82

Module 59
C:\WINDOWS\System32\SHLWAPI.dll
Image Base: 0x745c0000  Image Size: 0x00046000
File Size:  284056      File Time:  2016-07-16_094304
Version:
   Company:    Microsoft Corporation
   Product:    Sistema operacional Microsoft® Windows®
   FileDesc:   Biblioteca de utilitário abreviado para Shell
   FileVer:    10.0.14393.0
   ProdVer:    10.0.14393.0

Module 60
C:\WINDOWS\System32\WS2_32.dll
Image Base: 0x74610000  Image Size: 0x00063000
File Size:  402352      File Time:  2016-09-15_153706
Version:
   Company:    Microsoft Corporation
   Product:    Sistema Operacional Microsoft® Windows®
   FileDesc:   DLL de 32 bits do Windows Socket 2.0
   FileVer:    10.0.14393.206
   ProdVer:    10.0.14393.206

Module 61
C:\WINDOWS\System32\ucrtbase.dll
Image Base: 0x74680000  Image Size: 0x000e0000
File Size:  918304      File Time:  2016-07-16_094256
Version:
   Company:    Microsoft Corporation
   Product:    Microsoft® Windows® Operating System
   FileDesc:   Microsoft® C Runtime Library
   FileVer:    10.0.14393.0
   ProdVer:    10.0.14393.0

Module 62
C:\WINDOWS\System32\shcore.dll
Image Base: 0x74760000  Image Size: 0x00088000
File Size:  549088      File Time:  2016-07-16_094244
Version:
   Company:    Microsoft Corporation
   Product:    Sistema Operacional Microsoft® Windows®
   FileDesc:   SHCORE
   FileVer:    10.0.14393.0
   ProdVer:    10.0.14393.0

Module 63
C:\WINDOWS\System32\GDI32.dll
Image Base: 0x749b0000  Image Size: 0x0002b000
File Size:  170960      File Time:  2016-09-15_152320
Version:
   Company:    Microsoft Corporation
   Product:    Microsoft® Windows® Operating System
   FileDesc:   GDI Client DLL
   FileVer:    10.0.14393.206
   ProdVer:    10.0.14393.206

Module 64
C:\WINDOWS\System32\ADVAPI32.dll
Image Base: 0x749e0000  Image Size: 0x00077000
File Size:  482392      File Time:  2016-07-16_094250
Version:
   Company:    Microsoft Corporation
   Product:    Sistema Operacional Microsoft® Windows®
   FileDesc:   API de base do Windows 32 avançada
   FileVer:    10.0.14393.0
   ProdVer:    10.0.14393.0

Module 65
C:\WINDOWS\System32\SHELL32.dll
Image Base: 0x74a60000  Image Size: 0x013d9000
File Size:  20969928    File Time:  2016-11-11_054300
Version:
   Company:    Microsoft Corporation
   Product:    Sistema operacional Microsoft® Windows®
   FileDesc:   DLL comum do Shell do Windows
   FileVer:    10.0.14393.479
   ProdVer:    10.0.14393.479

Module 66
C:\WINDOWS\System32\KERNELBASE.dll
Image Base: 0x75f30000  Image Size: 0x001a1000
File Size:  1706488     File Time:  2016-11-11_060002
Version:
   Company:    Microsoft Corporation
   Product:    Sistema Operacional Microsoft® Windows®
   FileDesc:   DLL cliente da API BASE do Windows NT
   FileVer:    10.0.14393.479
   ProdVer:    10.0.14393.479

Module 67
C:\WINDOWS\System32\clbcatq.dll
Image Base: 0x760e0000  Image Size: 0x00084000
File Size:  528360      File Time:  2016-07-16_094248
Version:
   Company:    Microsoft Corporation
   Product:    Microsoft® Windows® Operating System
   FileDesc:   COM+ Configuration Catalog
   FileVer:    2001.12.10941.16384
   ProdVer:    10.0.14393.0

Module 68
C:\WINDOWS\System32\profapi.dll
Image Base: 0x76170000  Image Size: 0x0000f000
File Size:  54752       File Time:  2016-07-16_094250
Version:
   Company:    Microsoft Corporation
   Product:    Microsoft® Windows® Operating System
   FileDesc:   User Profile Basic API
   FileVer:    10.0.14393.0
   ProdVer:    10.0.14393.0

Module 69
C:\WINDOWS\System32\IMM32.dll
Image Base: 0x76180000  Image Size: 0x00025000
File Size:  144632      File Time:  2016-07-16_094250
Version:
   Company:    Microsoft Corporation
   Product:    Microsoft® Windows® Operating System
   FileDesc:   Multi-User Windows IMM32 API Client DLL
   FileVer:    10.0.14393.0
   ProdVer:    10.0.14393.0

Module 70
C:\WINDOWS\System32\msvcrt.dll
Image Base: 0x761b0000  Image Size: 0x000be000
File Size:  773168      File Time:  2016-07-16_094250
Version:
   Company:    Microsoft Corporation
   Product:    Microsoft® Windows® Operating System
   FileDesc:   Windows NT CRT DLL
   FileVer:    7.0.14393.0
   ProdVer:    10.0.14393.0

Module 71
C:\WINDOWS\System32\bcryptPrimitives.dll
Image Base: 0x76310000  Image Size: 0x0005a000
File Size:  367208      File Time:  2016-07-16_094228
Version:
   Company:    Microsoft Corporation
   Product:    Microsoft® Windows® Operating System
   FileDesc:   Windows Cryptographic Primitives Library
   FileVer:    10.0.14393.0
   ProdVer:    10.0.14393.0

Module 72
C:\WINDOWS\System32\PSAPI.DLL
Image Base: 0x76370000  Image Size: 0x00006000
File Size:  17048       File Time:  2016-07-16_094246
Version:
   Company:    Microsoft Corporation
   Product:    Microsoft® Windows® Operating System
   FileDesc:   Process Status Helper
   FileVer:    10.0.14393.0
   ProdVer:    10.0.14393.0

Module 73
C:\WINDOWS\System32\ole32.dll
Image Base: 0x76390000  Image Size: 0x000ea000
File Size:  959112      File Time:  2016-12-09_075616
Version:
   Company:    Microsoft Corporation
   Product:    Sistema Operacional Microsoft® Windows®
   FileDesc:   Microsoft OLE para Windows
   FileVer:    10.0.14393.576
   ProdVer:    10.0.14393.576

Module 74
C:\WINDOWS\System32\USER32.dll
Image Base: 0x76480000  Image Size: 0x0015f000
File Size:  1435896     File Time:  2016-12-09_075222
Version:
   Company:    Microsoft Corporation
   Product:    Sistema Operacional Microsoft® Windows®
   FileDesc:   DLL de cliente API de usuário Windows para multiusuários
   FileVer:    10.0.14393.576
   ProdVer:    10.0.14393.576

Module 75
C:\WINDOWS\System32\gdi32full.dll
Image Base: 0x765e0000  Image Size: 0x0015b000
File Size:  1415752     File Time:  2016-12-09_075222
Version:
   Company:    Microsoft Corporation
   Product:    Microsoft® Windows® Operating System
   FileDesc:   GDI Client DLL
   FileVer:    10.0.14393.576
   ProdVer:    10.0.14393.576

Module 76
C:\WINDOWS\System32\KERNEL32.DLL
Image Base: 0x76740000  Image Size: 0x000e0000
File Size:  616048      File Time:  2016-07-16_094246
Version:
   Company:    Microsoft Corporation
   Product:    Sistema Operacional Microsoft® Windows®
   FileDesc:   DLL cliente da API BASE do Windows NT
   FileVer:    10.0.14393.0
   ProdVer:    10.0.14393.0

Module 77
C:\WINDOWS\System32\kernel.appcore.dll
Image Base: 0x76820000  Image Size: 0x0000d000
File Size:  43416       File Time:  2016-07-16_094256
Version:
   Company:    Microsoft Corporation
   Product:    Microsoft® Windows® Operating System
   FileDesc:   AppModel API Host
   FileVer:    10.0.14393.0
   ProdVer:    10.0.14393.0

Module 78
C:\WINDOWS\System32\sechost.dll
Image Base: 0x76830000  Image Size: 0x00041000
File Size:  255168      File Time:  2016-07-16_094250
Version:
   Company:    Microsoft Corporation
   Product:    Microsoft® Windows® Operating System
   FileDesc:   Host for SCM/SDDL/LSA Lookup APIs
   FileVer:    10.0.14393.0
   ProdVer:    10.0.14393.0

Module 79
C:\WINDOWS\System32\powrprof.dll
Image Base: 0x76900000  Image Size: 0x00045000
File Size:  275832      File Time:  2016-07-16_094256
Version:
   Company:    Microsoft Corporation
   Product:    Sistema Operacional Microsoft® Windows®
   FileDesc:   DLL do Auxiliar do Perfil de Energia
   FileVer:    10.0.14393.0
   ProdVer:    10.0.14393.0

Module 80
C:\WINDOWS\System32\win32u.dll
Image Base: 0x76950000  Image Size: 0x00015000
File Size:  79536       File Time:  2016-10-08_175918
Version:
   Company:    Microsoft Corporation
   Product:    Microsoft® Windows® Operating System
   FileDesc:   Win32u
   FileVer:    10.0.14393.51
   ProdVer:    10.0.14393.51

Module 81
C:\WINDOWS\System32\MSCTF.dll
Image Base: 0x769d0000  Image Size: 0x00135000
File Size:  1263856     File Time:  2016-11-11_053820
Version:
   Company:    Microsoft Corporation
   Product:    Sistema Operacional Microsoft® Windows®
   FileDesc:   DLL de servidor MSCTF
   FileVer:    10.0.14393.479
   ProdVer:    10.0.14393.479

Module 82
C:\WINDOWS\System32\windows.storage.dll
Image Base: 0x76b10000  Image Size: 0x0056e000
File Size:  5722832     File Time:  2016-11-11_054716
Version:
   Company:    Microsoft Corporation
   Product:    Sistema Operacional Microsoft® Windows®
   FileDesc:   API de Armazenamento Microsoft WinRT
   FileVer:    10.0.14393.479
   ProdVer:    10.0.14393.479

Module 83
C:\WINDOWS\System32\combase.dll
Image Base: 0x77080000  Image Size: 0x00211000
File Size:  2166752     File Time:  2016-12-09_075926
Version:
   Company:    Microsoft Corporation
   Product:    Sistema Operacional Microsoft® Windows®
   FileDesc:   Microsoft COM para Windows
   FileVer:    10.0.14393.576
   ProdVer:    10.0.14393.576

Module 84
C:\WINDOWS\SYSTEM32\ntdll.dll
Image Base: 0x772a0000  Image Size: 0x00183000
File Size:  1572768     File Time:  2016-11-11_060000
Version:
   Company:    Microsoft Corporation
   Product:    Sistema Operacional Microsoft® Windows®
   FileDesc:   DLL de nível do NT
   FileVer:    10.0.14393.479
   ProdVer:    10.0.14393.479


== [end of error.log] ==
